<?xml version="1.0" encoding="UTF-8"?>
<coverage generated="1533454301414" clover="3.2.0">
  <project timestamp="1533454301414" name="All files">
    <metrics statements="64" coveredstatements="64" conditionals="4" coveredconditionals="3" methods="57" coveredmethods="55" elements="125" coveredelements="122" complexity="0" loc="64" ncloc="64" packages="1" files="3" classes="3">
      <file name="activity.js" path="C:\Code\Monads\src\activity.js">
        <metrics statements="21" coveredstatements="21" conditionals="0" coveredconditionals="0" methods="22" coveredmethods="20"/>
        <line num="5" count="1" type="stmt"/>
        <line num="6" count="1" type="stmt"/>
        <line num="7" count="7" type="stmt"/>
        <line num="8" count="7" type="stmt"/>
        <line num="11" count="7" type="stmt"/>
        <line num="13" count="9" type="stmt"/>
        <line num="14" count="7" type="stmt"/>
        <line num="15" count="7" type="stmt"/>
        <line num="18" count="1" type="stmt"/>
        <line num="19" count="5" type="stmt"/>
        <line num="25" count="7" type="stmt"/>
        <line num="27" count="7" type="stmt"/>
        <line num="28" count="2" type="stmt"/>
        <line num="30" count="2" type="stmt"/>
        <line num="33" count="2" type="stmt"/>
        <line num="37" count="7" type="stmt"/>
        <line num="40" count="1" type="stmt"/>
        <line num="41" count="1" type="stmt"/>
        <line num="46" count="5" type="stmt"/>
        <line num="47" count="5" type="stmt"/>
        <line num="50" count="7" type="stmt"/>
      </file>
      <file name="option.js" path="C:\Code\Monads\src\option.js">
        <metrics statements="16" coveredstatements="16" conditionals="4" coveredconditionals="3" methods="12" coveredmethods="12"/>
        <line num="1" count="38" type="stmt"/>
        <line num="2" count="16" type="stmt"/>
        <line num="4" count="3" type="stmt"/>
        <line num="6" count="3" type="stmt"/>
        <line num="10" count="2" type="stmt"/>
        <line num="12" count="1" type="stmt"/>
        <line num="13" count="2" type="stmt"/>
        <line num="16" count="19" type="stmt"/>
        <line num="18" count="6" type="cond" truecount="1" falsecount="1"/>
        <line num="20" count="6" type="stmt"/>
        <line num="23" count="3" type="stmt"/>
        <line num="25" count="22" type="cond" truecount="2" falsecount="0"/>
        <line num="27" count="16" type="stmt"/>
        <line num="32" count="3" type="stmt"/>
        <line num="35" count="3" type="stmt"/>
        <line num="40" count="3" type="stmt"/>
      </file>
      <file name="try.js" path="C:\Code\Monads\src\try.js">
        <metrics statements="27" coveredstatements="27" conditionals="0" coveredconditionals="0" methods="23" coveredmethods="23"/>
        <line num="3" count="2" type="stmt"/>
        <line num="5" count="21" type="stmt"/>
        <line num="7" count="9" type="stmt"/>
        <line num="9" count="1" type="stmt"/>
        <line num="10" count="2" type="stmt"/>
        <line num="12" count="1" type="stmt"/>
        <line num="13" count="1" type="stmt"/>
        <line num="15" count="1" type="stmt"/>
        <line num="20" count="2" type="stmt"/>
        <line num="22" count="14" type="stmt"/>
        <line num="23" count="5" type="stmt"/>
        <line num="25" count="1" type="stmt"/>
        <line num="26" count="1" type="stmt"/>
        <line num="28" count="1" type="stmt"/>
        <line num="29" count="1" type="stmt"/>
        <line num="31" count="1" type="stmt"/>
        <line num="35" count="2" type="stmt"/>
        <line num="37" count="9" type="stmt"/>
        <line num="38" count="19" type="stmt"/>
        <line num="39" count="19" type="stmt"/>
        <line num="41" count="6" type="stmt"/>
        <line num="45" count="9" type="stmt"/>
        <line num="47" count="4" type="stmt"/>
        <line num="49" count="2" type="stmt"/>
        <line num="50" count="2" type="stmt"/>
        <line num="52" count="1" type="stmt"/>
        <line num="53" count="1" type="stmt"/>
      </file>
    </metrics>
  </project>
</coverage>
