{"C:\\Code\\Monads\\src\\activity.js": {"path":"C:\\Code\\Monads\\src\\activity.js","statementMap":{"0":{"start":{"line":5,"column":18},"end":{"line":5,"column":19}},"1":{"start":{"line":6,"column":25},"end":{"line":9,"column":1}},"2":{"start":{"line":7,"column":4},"end":{"line":7,"column":33}},"3":{"start":{"line":8,"column":4},"end":{"line":8,"column":22}},"4":{"start":{"line":11,"column":14},"end":{"line":11,"column":61}},"5":{"start":{"line":11,"column":35},"end":{"line":11,"column":59}},"6":{"start":{"line":13,"column":24},"end":{"line":16,"column":1}},"7":{"start":{"line":13,"column":39},"end":{"line":16,"column":1}},"8":{"start":{"line":14,"column":15},"end":{"line":14,"column":36}},"9":{"start":{"line":15,"column":15},"end":{"line":15,"column":25}},"10":{"start":{"line":18,"column":16},"end":{"line":18,"column":91}},"11":{"start":{"line":18,"column":24},"end":{"line":18,"column":91}},"12":{"start":{"line":18,"column":66},"end":{"line":18,"column":90}},"13":{"start":{"line":19,"column":16},"end":{"line":19,"column":88}},"14":{"start":{"line":19,"column":24},"end":{"line":19,"column":88}},"15":{"start":{"line":19,"column":66},"end":{"line":19,"column":87}},"16":{"start":{"line":25,"column":14},"end":{"line":44,"column":1}},"17":{"start":{"line":25,"column":21},"end":{"line":44,"column":1}},"18":{"start":{"line":25,"column":36},"end":{"line":44,"column":1}},"19":{"start":{"line":27,"column":23},"end":{"line":35,"column":20}},"20":{"start":{"line":27,"column":38},"end":{"line":35,"column":20}},"21":{"start":{"line":28,"column":8},"end":{"line":35,"column":20}},"22":{"start":{"line":30,"column":24},"end":{"line":34,"column":23}},"23":{"start":{"line":33,"column":23},"end":{"line":33,"column":57}},"24":{"start":{"line":37,"column":4},"end":{"line":43,"column":5}},"25":{"start":{"line":40,"column":28},"end":{"line":40,"column":61}},"26":{"start":{"line":41,"column":28},"end":{"line":41,"column":77}},"27":{"start":{"line":41,"column":59},"end":{"line":41,"column":76}},"28":{"start":{"line":46,"column":17},"end":{"line":50,"column":54}},"29":{"start":{"line":46,"column":24},"end":{"line":50,"column":54}},"30":{"start":{"line":47,"column":4},"end":{"line":50,"column":54}},"31":{"start":{"line":50,"column":24},"end":{"line":50,"column":53}}},"fnMap":{"0":{"name":"(anonymous_0)","decl":{"start":{"line":6,"column":25},"end":{"line":6,"column":26}},"loc":{"start":{"line":6,"column":31},"end":{"line":9,"column":1}},"line":6},"1":{"name":"(anonymous_1)","decl":{"start":{"line":11,"column":14},"end":{"line":11,"column":15}},"loc":{"start":{"line":11,"column":33},"end":{"line":11,"column":61}},"line":11},"2":{"name":"(anonymous_2)","decl":{"start":{"line":13,"column":24},"end":{"line":13,"column":25}},"loc":{"start":{"line":13,"column":39},"end":{"line":16,"column":1}},"line":13},"3":{"name":"(anonymous_3)","decl":{"start":{"line":14,"column":4},"end":{"line":14,"column":5}},"loc":{"start":{"line":14,"column":15},"end":{"line":14,"column":36}},"line":14},"4":{"name":"(anonymous_4)","decl":{"start":{"line":15,"column":4},"end":{"line":15,"column":5}},"loc":{"start":{"line":15,"column":15},"end":{"line":15,"column":25}},"line":15},"5":{"name":"(anonymous_5)","decl":{"start":{"line":18,"column":16},"end":{"line":18,"column":17}},"loc":{"start":{"line":18,"column":24},"end":{"line":18,"column":91}},"line":18},"6":{"name":"(anonymous_6)","decl":{"start":{"line":18,"column":55},"end":{"line":18,"column":56}},"loc":{"start":{"line":18,"column":66},"end":{"line":18,"column":90}},"line":18},"7":{"name":"(anonymous_7)","decl":{"start":{"line":19,"column":16},"end":{"line":19,"column":17}},"loc":{"start":{"line":19,"column":24},"end":{"line":19,"column":88}},"line":19},"8":{"name":"(anonymous_8)","decl":{"start":{"line":19,"column":55},"end":{"line":19,"column":56}},"loc":{"start":{"line":19,"column":66},"end":{"line":19,"column":87}},"line":19},"9":{"name":"(anonymous_9)","decl":{"start":{"line":25,"column":14},"end":{"line":25,"column":15}},"loc":{"start":{"line":25,"column":21},"end":{"line":44,"column":1}},"line":25},"10":{"name":"(anonymous_10)","decl":{"start":{"line":25,"column":21},"end":{"line":25,"column":22}},"loc":{"start":{"line":25,"column":36},"end":{"line":44,"column":1}},"line":25},"11":{"name":"(anonymous_11)","decl":{"start":{"line":25,"column":36},"end":{"line":25,"column":37}},"loc":{"start":{"line":25,"column":46},"end":{"line":44,"column":1}},"line":25},"12":{"name":"(anonymous_12)","decl":{"start":{"line":27,"column":23},"end":{"line":27,"column":24}},"loc":{"start":{"line":27,"column":38},"end":{"line":35,"column":20}},"line":27},"13":{"name":"(anonymous_13)","decl":{"start":{"line":27,"column":38},"end":{"line":27,"column":39}},"loc":{"start":{"line":28,"column":8},"end":{"line":35,"column":20}},"line":28},"14":{"name":"(anonymous_14)","decl":{"start":{"line":30,"column":13},"end":{"line":30,"column":14}},"loc":{"start":{"line":30,"column":24},"end":{"line":34,"column":23}},"line":30},"15":{"name":"(anonymous_15)","decl":{"start":{"line":33,"column":16},"end":{"line":33,"column":17}},"loc":{"start":{"line":33,"column":23},"end":{"line":33,"column":57}},"line":33},"16":{"name":"(anonymous_16)","decl":{"start":{"line":40,"column":18},"end":{"line":40,"column":19}},"loc":{"start":{"line":40,"column":28},"end":{"line":40,"column":61}},"line":40},"17":{"name":"(anonymous_17)","decl":{"start":{"line":41,"column":18},"end":{"line":41,"column":19}},"loc":{"start":{"line":41,"column":28},"end":{"line":41,"column":77}},"line":41},"18":{"name":"(anonymous_18)","decl":{"start":{"line":41,"column":54},"end":{"line":41,"column":55}},"loc":{"start":{"line":41,"column":59},"end":{"line":41,"column":76}},"line":41},"19":{"name":"(anonymous_19)","decl":{"start":{"line":46,"column":17},"end":{"line":46,"column":18}},"loc":{"start":{"line":46,"column":24},"end":{"line":50,"column":54}},"line":46},"20":{"name":"(anonymous_20)","decl":{"start":{"line":46,"column":24},"end":{"line":46,"column":25}},"loc":{"start":{"line":47,"column":4},"end":{"line":50,"column":54}},"line":47},"21":{"name":"(anonymous_21)","decl":{"start":{"line":50,"column":9},"end":{"line":50,"column":10}},"loc":{"start":{"line":50,"column":24},"end":{"line":50,"column":53}},"line":50}},"branchMap":{},"s":{"0":1,"1":1,"2":7,"3":7,"4":1,"5":7,"6":1,"7":9,"8":7,"9":7,"10":1,"11":0,"12":0,"13":1,"14":5,"15":5,"16":1,"17":7,"18":7,"19":7,"20":2,"21":2,"22":2,"23":2,"24":7,"25":1,"26":1,"27":1,"28":1,"29":5,"30":5,"31":7},"f":{"0":7,"1":7,"2":9,"3":7,"4":7,"5":0,"6":0,"7":5,"8":5,"9":7,"10":7,"11":7,"12":2,"13":2,"14":2,"15":2,"16":1,"17":1,"18":1,"19":5,"20":5,"21":7},"b":{},"_coverageSchema":"332fd63041d2c1bcb487cc26dd0d5f7d97098a6c","hash":"1e9309cd4c546c9b22399a3e7e86f8a17c9d33b0"}
,"C:\\Code\\Monads\\src\\option.js": {"path":"C:\\Code\\Monads\\src\\option.js","statementMap":{"0":{"start":{"line":1,"column":15},"end":{"line":1,"column":37}},"1":{"start":{"line":1,"column":24},"end":{"line":1,"column":37}},"2":{"start":{"line":2,"column":15},"end":{"line":2,"column":38}},"3":{"start":{"line":2,"column":24},"end":{"line":2,"column":38}},"4":{"start":{"line":4,"column":25},"end":{"line":4,"column":46}},"5":{"start":{"line":6,"column":13},"end":{"line":14,"column":1}},"6":{"start":{"line":10,"column":21},"end":{"line":10,"column":43}},"7":{"start":{"line":12,"column":24},"end":{"line":12,"column":28}},"8":{"start":{"line":13,"column":24},"end":{"line":13,"column":28}},"9":{"start":{"line":16,"column":19},"end":{"line":21,"column":1}},"10":{"start":{"line":16,"column":28},"end":{"line":21,"column":1}},"11":{"start":{"line":18,"column":4},"end":{"line":18,"column":36}},"12":{"start":{"line":18,"column":24},"end":{"line":18,"column":36}},"13":{"start":{"line":20,"column":4},"end":{"line":20,"column":26}},"14":{"start":{"line":23,"column":15},"end":{"line":38,"column":1}},"15":{"start":{"line":25,"column":4},"end":{"line":25,"column":39}},"16":{"start":{"line":25,"column":25},"end":{"line":25,"column":37}},"17":{"start":{"line":27,"column":4},"end":{"line":36,"column":5}},"18":{"start":{"line":32,"column":23},"end":{"line":32,"column":28}},"19":{"start":{"line":35,"column":28},"end":{"line":35,"column":73}},"20":{"start":{"line":35,"column":53},"end":{"line":35,"column":72}},"21":{"start":{"line":40,"column":14},"end":{"line":40,"column":33}},"22":{"start":{"line":40,"column":20},"end":{"line":40,"column":33}}},"fnMap":{"0":{"name":"(anonymous_0)","decl":{"start":{"line":1,"column":15},"end":{"line":1,"column":16}},"loc":{"start":{"line":1,"column":24},"end":{"line":1,"column":37}},"line":1},"1":{"name":"(anonymous_1)","decl":{"start":{"line":2,"column":15},"end":{"line":2,"column":16}},"loc":{"start":{"line":2,"column":24},"end":{"line":2,"column":38}},"line":2},"2":{"name":"(anonymous_2)","decl":{"start":{"line":10,"column":13},"end":{"line":10,"column":14}},"loc":{"start":{"line":10,"column":19},"end":{"line":10,"column":45}},"line":10},"3":{"name":"(anonymous_3)","decl":{"start":{"line":12,"column":14},"end":{"line":12,"column":15}},"loc":{"start":{"line":12,"column":24},"end":{"line":12,"column":28}},"line":12},"4":{"name":"(anonymous_4)","decl":{"start":{"line":13,"column":14},"end":{"line":13,"column":15}},"loc":{"start":{"line":13,"column":24},"end":{"line":13,"column":28}},"line":13},"5":{"name":"(anonymous_5)","decl":{"start":{"line":16,"column":19},"end":{"line":16,"column":20}},"loc":{"start":{"line":16,"column":28},"end":{"line":21,"column":1}},"line":16},"6":{"name":"(anonymous_6)","decl":{"start":{"line":16,"column":28},"end":{"line":16,"column":29}},"loc":{"start":{"line":16,"column":38},"end":{"line":21,"column":1}},"line":16},"7":{"name":"(anonymous_7)","decl":{"start":{"line":23,"column":15},"end":{"line":23,"column":16}},"loc":{"start":{"line":23,"column":29},"end":{"line":38,"column":1}},"line":23},"8":{"name":"(anonymous_8)","decl":{"start":{"line":32,"column":17},"end":{"line":32,"column":18}},"loc":{"start":{"line":32,"column":23},"end":{"line":32,"column":28}},"line":32},"9":{"name":"(anonymous_9)","decl":{"start":{"line":35,"column":18},"end":{"line":35,"column":19}},"loc":{"start":{"line":35,"column":28},"end":{"line":35,"column":73}},"line":35},"10":{"name":"(anonymous_10)","decl":{"start":{"line":35,"column":48},"end":{"line":35,"column":49}},"loc":{"start":{"line":35,"column":53},"end":{"line":35,"column":72}},"line":35},"11":{"name":"(anonymous_11)","decl":{"start":{"line":40,"column":14},"end":{"line":40,"column":15}},"loc":{"start":{"line":40,"column":20},"end":{"line":40,"column":33}},"line":40}},"branchMap":{"0":{"loc":{"start":{"line":18,"column":4},"end":{"line":18,"column":36}},"type":"if","locations":[{"start":{"line":18,"column":4},"end":{"line":18,"column":36}},{"start":{"line":18,"column":4},"end":{"line":18,"column":36}}],"line":18},"1":{"loc":{"start":{"line":25,"column":4},"end":{"line":25,"column":39}},"type":"if","locations":[{"start":{"line":25,"column":4},"end":{"line":25,"column":39}},{"start":{"line":25,"column":4},"end":{"line":25,"column":39}}],"line":25}},"s":{"0":3,"1":38,"2":3,"3":16,"4":3,"5":3,"6":2,"7":1,"8":2,"9":3,"10":19,"11":6,"12":0,"13":6,"14":3,"15":22,"16":6,"17":16,"18":3,"19":3,"20":3,"21":3,"22":3},"f":{"0":38,"1":16,"2":2,"3":1,"4":2,"5":19,"6":6,"7":22,"8":3,"9":3,"10":3,"11":3},"b":{"0":[0,6],"1":[6,16]},"_coverageSchema":"332fd63041d2c1bcb487cc26dd0d5f7d97098a6c","hash":"82ab4c3a3d5ab0afd6b15ba11db5d7372309be4b"}
,"C:\\Code\\Monads\\src\\try.js": {"path":"C:\\Code\\Monads\\src\\try.js","statementMap":{"0":{"start":{"line":3,"column":19},"end":{"line":18,"column":1}},"1":{"start":{"line":5,"column":4},"end":{"line":16,"column":5}},"2":{"start":{"line":7,"column":20},"end":{"line":7,"column":25}},"3":{"start":{"line":9,"column":28},"end":{"line":9,"column":42}},"4":{"start":{"line":10,"column":28},"end":{"line":10,"column":61}},"5":{"start":{"line":10,"column":46},"end":{"line":10,"column":60}},"6":{"start":{"line":12,"column":28},"end":{"line":12,"column":38}},"7":{"start":{"line":12,"column":39},"end":{"line":12,"column":64}},"8":{"start":{"line":13,"column":26},"end":{"line":13,"column":44}},"9":{"start":{"line":15,"column":26},"end":{"line":15,"column":43}},"10":{"start":{"line":20,"column":16},"end":{"line":33,"column":1}},"11":{"start":{"line":22,"column":4},"end":{"line":32,"column":5}},"12":{"start":{"line":23,"column":22},"end":{"line":23,"column":38}},"13":{"start":{"line":25,"column":24},"end":{"line":25,"column":43}},"14":{"start":{"line":26,"column":24},"end":{"line":26,"column":43}},"15":{"start":{"line":28,"column":26},"end":{"line":28,"column":45}},"16":{"start":{"line":29,"column":28},"end":{"line":29,"column":42}},"17":{"start":{"line":29,"column":43},"end":{"line":29,"column":69}},"18":{"start":{"line":31,"column":26},"end":{"line":31,"column":37}},"19":{"start":{"line":35,"column":19},"end":{"line":57,"column":1}},"20":{"start":{"line":37,"column":21},"end":{"line":43,"column":5}},"21":{"start":{"line":38,"column":8},"end":{"line":42,"column":9}},"22":{"start":{"line":39,"column":12},"end":{"line":39,"column":41}},"23":{"start":{"line":41,"column":12},"end":{"line":41,"column":35}},"24":{"start":{"line":45,"column":4},"end":{"line":56,"column":5}},"25":{"start":{"line":47,"column":20},"end":{"line":47,"column":36}},"26":{"start":{"line":49,"column":28},"end":{"line":49,"column":53}},"27":{"start":{"line":50,"column":28},"end":{"line":50,"column":72}},"28":{"start":{"line":50,"column":46},"end":{"line":50,"column":71}},"29":{"start":{"line":52,"column":26},"end":{"line":52,"column":51}},"30":{"start":{"line":53,"column":26},"end":{"line":53,"column":51}}},"fnMap":{"0":{"name":"(anonymous_0)","decl":{"start":{"line":3,"column":19},"end":{"line":3,"column":20}},"loc":{"start":{"line":3,"column":28},"end":{"line":18,"column":1}},"line":3},"1":{"name":"(anonymous_1)","decl":{"start":{"line":7,"column":14},"end":{"line":7,"column":15}},"loc":{"start":{"line":7,"column":20},"end":{"line":7,"column":25}},"line":7},"2":{"name":"(anonymous_2)","decl":{"start":{"line":9,"column":18},"end":{"line":9,"column":19}},"loc":{"start":{"line":9,"column":28},"end":{"line":9,"column":42}},"line":9},"3":{"name":"(anonymous_3)","decl":{"start":{"line":10,"column":18},"end":{"line":10,"column":19}},"loc":{"start":{"line":10,"column":28},"end":{"line":10,"column":61}},"line":10},"4":{"name":"(anonymous_4)","decl":{"start":{"line":10,"column":40},"end":{"line":10,"column":41}},"loc":{"start":{"line":10,"column":46},"end":{"line":10,"column":60}},"line":10},"5":{"name":"(anonymous_5)","decl":{"start":{"line":12,"column":20},"end":{"line":12,"column":21}},"loc":{"start":{"line":12,"column":26},"end":{"line":12,"column":66}},"line":12},"6":{"name":"(anonymous_6)","decl":{"start":{"line":13,"column":20},"end":{"line":13,"column":21}},"loc":{"start":{"line":13,"column":26},"end":{"line":13,"column":44}},"line":13},"7":{"name":"(anonymous_7)","decl":{"start":{"line":15,"column":20},"end":{"line":15,"column":21}},"loc":{"start":{"line":15,"column":26},"end":{"line":15,"column":43}},"line":15},"8":{"name":"(anonymous_8)","decl":{"start":{"line":20,"column":16},"end":{"line":20,"column":17}},"loc":{"start":{"line":20,"column":29},"end":{"line":33,"column":1}},"line":20},"9":{"name":"(anonymous_9)","decl":{"start":{"line":23,"column":14},"end":{"line":23,"column":15}},"loc":{"start":{"line":23,"column":20},"end":{"line":23,"column":40}},"line":23},"10":{"name":"(anonymous_10)","decl":{"start":{"line":25,"column":18},"end":{"line":25,"column":19}},"loc":{"start":{"line":25,"column":24},"end":{"line":25,"column":43}},"line":25},"11":{"name":"(anonymous_11)","decl":{"start":{"line":26,"column":18},"end":{"line":26,"column":19}},"loc":{"start":{"line":26,"column":24},"end":{"line":26,"column":43}},"line":26},"12":{"name":"(anonymous_12)","decl":{"start":{"line":28,"column":20},"end":{"line":28,"column":21}},"loc":{"start":{"line":28,"column":26},"end":{"line":28,"column":45}},"line":28},"13":{"name":"(anonymous_13)","decl":{"start":{"line":29,"column":20},"end":{"line":29,"column":21}},"loc":{"start":{"line":29,"column":26},"end":{"line":29,"column":71}},"line":29},"14":{"name":"(anonymous_14)","decl":{"start":{"line":31,"column":20},"end":{"line":31,"column":21}},"loc":{"start":{"line":31,"column":26},"end":{"line":31,"column":37}},"line":31},"15":{"name":"(anonymous_15)","decl":{"start":{"line":35,"column":19},"end":{"line":35,"column":20}},"loc":{"start":{"line":35,"column":29},"end":{"line":57,"column":1}},"line":35},"16":{"name":"(anonymous_16)","decl":{"start":{"line":37,"column":21},"end":{"line":37,"column":22}},"loc":{"start":{"line":37,"column":27},"end":{"line":43,"column":5}},"line":37},"17":{"name":"(anonymous_17)","decl":{"start":{"line":47,"column":14},"end":{"line":47,"column":15}},"loc":{"start":{"line":47,"column":20},"end":{"line":47,"column":36}},"line":47},"18":{"name":"(anonymous_18)","decl":{"start":{"line":49,"column":18},"end":{"line":49,"column":19}},"loc":{"start":{"line":49,"column":28},"end":{"line":49,"column":53}},"line":49},"19":{"name":"(anonymous_19)","decl":{"start":{"line":50,"column":18},"end":{"line":50,"column":19}},"loc":{"start":{"line":50,"column":28},"end":{"line":50,"column":72}},"line":50},"20":{"name":"(anonymous_20)","decl":{"start":{"line":50,"column":40},"end":{"line":50,"column":41}},"loc":{"start":{"line":50,"column":46},"end":{"line":50,"column":71}},"line":50},"21":{"name":"(anonymous_21)","decl":{"start":{"line":52,"column":20},"end":{"line":52,"column":21}},"loc":{"start":{"line":52,"column":26},"end":{"line":52,"column":51}},"line":52},"22":{"name":"(anonymous_22)","decl":{"start":{"line":53,"column":20},"end":{"line":53,"column":21}},"loc":{"start":{"line":53,"column":26},"end":{"line":53,"column":51}},"line":53}},"branchMap":{},"s":{"0":2,"1":21,"2":9,"3":1,"4":1,"5":2,"6":1,"7":1,"8":1,"9":1,"10":2,"11":14,"12":5,"13":1,"14":1,"15":1,"16":1,"17":1,"18":1,"19":2,"20":9,"21":19,"22":19,"23":6,"24":9,"25":4,"26":2,"27":1,"28":2,"29":1,"30":1},"f":{"0":21,"1":9,"2":1,"3":1,"4":2,"5":1,"6":1,"7":1,"8":14,"9":5,"10":1,"11":1,"12":1,"13":1,"14":1,"15":9,"16":19,"17":4,"18":2,"19":1,"20":2,"21":1,"22":1},"b":{},"_coverageSchema":"332fd63041d2c1bcb487cc26dd0d5f7d97098a6c","hash":"4e1f2b67c06e9e4a66c40048d1a9d40f638d6cdc"}
}
