TN:
SF:C:\Code\Monads\src\activity.js
FN:6,(anonymous_0)
FN:11,(anonymous_1)
FN:13,(anonymous_2)
FN:14,(anonymous_3)
FN:15,(anonymous_4)
FN:18,(anonymous_5)
FN:18,(anonymous_6)
FN:19,(anonymous_7)
FN:19,(anonymous_8)
FN:25,(anonymous_9)
FN:25,(anonymous_10)
FN:25,(anonymous_11)
FN:27,(anonymous_12)
FN:27,(anonymous_13)
FN:30,(anonymous_14)
FN:33,(anonymous_15)
FN:40,(anonymous_16)
FN:41,(anonymous_17)
FN:41,(anonymous_18)
FN:46,(anonymous_19)
FN:46,(anonymous_20)
FN:50,(anonymous_21)
FNF:22
FNH:20
FNDA:7,(anonymous_0)
FNDA:7,(anonymous_1)
FNDA:9,(anonymous_2)
FNDA:7,(anonymous_3)
FNDA:7,(anonymous_4)
FNDA:0,(anonymous_5)
FNDA:0,(anonymous_6)
FNDA:5,(anonymous_7)
FNDA:5,(anonymous_8)
FNDA:7,(anonymous_9)
FNDA:7,(anonymous_10)
FNDA:7,(anonymous_11)
FNDA:2,(anonymous_12)
FNDA:2,(anonymous_13)
FNDA:2,(anonymous_14)
FNDA:2,(anonymous_15)
FNDA:1,(anonymous_16)
FNDA:1,(anonymous_17)
FNDA:1,(anonymous_18)
FNDA:5,(anonymous_19)
FNDA:5,(anonymous_20)
FNDA:7,(anonymous_21)
DA:5,1
DA:6,1
DA:7,7
DA:8,7
DA:11,7
DA:13,9
DA:14,7
DA:15,7
DA:18,1
DA:19,5
DA:25,7
DA:27,7
DA:28,2
DA:30,2
DA:33,2
DA:37,7
DA:40,1
DA:41,1
DA:46,5
DA:47,5
DA:50,7
LF:21
LH:21
BRF:0
BRH:0
end_of_record
TN:
SF:C:\Code\Monads\src\option.js
FN:1,(anonymous_0)
FN:2,(anonymous_1)
FN:10,(anonymous_2)
FN:12,(anonymous_3)
FN:13,(anonymous_4)
FN:16,(anonymous_5)
FN:16,(anonymous_6)
FN:23,(anonymous_7)
FN:32,(anonymous_8)
FN:35,(anonymous_9)
FN:35,(anonymous_10)
FN:40,(anonymous_11)
FNF:12
FNH:12
FNDA:38,(anonymous_0)
FNDA:16,(anonymous_1)
FNDA:2,(anonymous_2)
FNDA:1,(anonymous_3)
FNDA:2,(anonymous_4)
FNDA:19,(anonymous_5)
FNDA:6,(anonymous_6)
FNDA:22,(anonymous_7)
FNDA:3,(anonymous_8)
FNDA:3,(anonymous_9)
FNDA:3,(anonymous_10)
FNDA:3,(anonymous_11)
DA:1,38
DA:2,16
DA:4,3
DA:6,3
DA:10,2
DA:12,1
DA:13,2
DA:16,19
DA:18,6
DA:20,6
DA:23,3
DA:25,22
DA:27,16
DA:32,3
DA:35,3
DA:40,3
LF:16
LH:16
BRDA:18,0,0,0
BRDA:18,0,1,6
BRDA:25,1,0,6
BRDA:25,1,1,16
BRF:4
BRH:3
end_of_record
TN:
SF:C:\Code\Monads\src\try.js
FN:3,(anonymous_0)
FN:7,(anonymous_1)
FN:9,(anonymous_2)
FN:10,(anonymous_3)
FN:10,(anonymous_4)
FN:12,(anonymous_5)
FN:13,(anonymous_6)
FN:15,(anonymous_7)
FN:20,(anonymous_8)
FN:23,(anonymous_9)
FN:25,(anonymous_10)
FN:26,(anonymous_11)
FN:28,(anonymous_12)
FN:29,(anonymous_13)
FN:31,(anonymous_14)
FN:35,(anonymous_15)
FN:37,(anonymous_16)
FN:47,(anonymous_17)
FN:49,(anonymous_18)
FN:50,(anonymous_19)
FN:50,(anonymous_20)
FN:52,(anonymous_21)
FN:53,(anonymous_22)
FNF:23
FNH:23
FNDA:21,(anonymous_0)
FNDA:9,(anonymous_1)
FNDA:1,(anonymous_2)
FNDA:1,(anonymous_3)
FNDA:2,(anonymous_4)
FNDA:1,(anonymous_5)
FNDA:1,(anonymous_6)
FNDA:1,(anonymous_7)
FNDA:14,(anonymous_8)
FNDA:5,(anonymous_9)
FNDA:1,(anonymous_10)
FNDA:1,(anonymous_11)
FNDA:1,(anonymous_12)
FNDA:1,(anonymous_13)
FNDA:1,(anonymous_14)
FNDA:9,(anonymous_15)
FNDA:19,(anonymous_16)
FNDA:4,(anonymous_17)
FNDA:2,(anonymous_18)
FNDA:1,(anonymous_19)
FNDA:2,(anonymous_20)
FNDA:1,(anonymous_21)
FNDA:1,(anonymous_22)
DA:3,2
DA:5,21
DA:7,9
DA:9,1
DA:10,2
DA:12,1
DA:13,1
DA:15,1
DA:20,2
DA:22,14
DA:23,5
DA:25,1
DA:26,1
DA:28,1
DA:29,1
DA:31,1
DA:35,2
DA:37,9
DA:38,19
DA:39,19
DA:41,6
DA:45,9
DA:47,4
DA:49,2
DA:50,2
DA:52,1
DA:53,1
LF:27
LH:27
BRF:0
BRH:0
end_of_record
